<?xml version="1.0" encoding="UTF-8"?>
<!-- Generated by org.testng.reporters.JUnitXMLReporter -->
<testsuite hostname="Afolabi-D-III" ignored="0" name="BankingApp Test" tests="2" failures="1" timestamp="08 Jan 2021 04:28:36 GMT" time="95.82" errors="0">
  <testcase name="loginTest" time="13.95" classname="com.E_BankV1.testCases.TC_LoginTest_001">
    <failure type="java.lang.AssertionError" message="expected [true] but found [false]">
      <![CDATA[java.lang.AssertionError: expected [true] but found [false]
at com.E_BankV1.testCases.TC_LoginTest_001.loginTest(TC_LoginTest_001.java:38)
... Removed 32 stack frames]]>
    </failure>
  </testcase> <!-- loginTest -->
  <testcase name="addNewCustomer" time="28.196" classname="com.E_BankV1.testCases.TC_AddCustomerTest_003"/>
</testsuite> <!-- BankingApp Test -->
